<?xml version="1.0" encoding="UTF-8" ?>
<testsuite tests="4" failures="1" name="com.niit.test.CategoryDAOTestCase" time="5.684" errors="0" skipped="3">
  <properties>
[...]
</properties>
  <testcase classname="com.niit.test.CategoryDAOTestCase" name="addCategoryTest" time="1.809">
    <skipped/>
    <system-out>Data Source Object Created
SessionFactory Object Created
Hibernate Transaction Object Created
</system-out>
    <system-err>Jul 21, 2018 3:37:23 PM org.springframework.context.annotation.AnnotationConfigApplicationContext prepareRefresh
INFO: Refreshing org.springframework.context.annotation.AnnotationConfigApplicationContext@1c53fd30: startup date [Sat Jul 21 15:37:23 IST 2018]; root of context hierarchy
Jul 21, 2018 3:37:23 PM org.springframework.jdbc.datasource.DriverManagerDataSource setDriverClassName
INFO: Loaded JDBC driver: org.h2.Driver
Jul 21, 2018 3:37:23 PM org.hibernate.Version logVersion
INFO: HHH000412: Hibernate Core {5.0.1.Final}
Jul 21, 2018 3:37:23 PM org.hibernate.cfg.Environment &lt;clinit&gt;
INFO: HHH000206: hibernate.properties not found
Jul 21, 2018 3:37:23 PM org.hibernate.cfg.Environment buildBytecodeProvider
INFO: HHH000021: Bytecode provider name : javassist
Jul 21, 2018 3:37:23 PM org.hibernate.annotations.common.reflection.java.JavaReflectionManager &lt;clinit&gt;
INFO: HCANN000001: Hibernate Commons Annotations {5.0.0.Final}
Jul 21, 2018 3:37:23 PM org.hibernate.dialect.Dialect &lt;init&gt;
INFO: HHH000400: Using dialect: org.hibernate.dialect.H2Dialect
Jul 21, 2018 3:37:23 PM org.hibernate.dialect.H2Dialect &lt;init&gt;
WARN: HHH000393: The 1.0.73 version of H2 implements temporary table creation such that it commits current transaction; multi-table, bulk hql/jpaql will not work properly
Jul 21, 2018 3:37:23 PM org.hibernate.engine.jdbc.env.internal.LobCreatorBuilderImpl useContextualLobCreation
INFO: HHH000423: Disabling contextual LOB creation as JDBC driver reported JDBC version [3] less than 4
Jul 21, 2018 3:37:24 PM org.hibernate.tool.hbm2ddl.SchemaUpdate execute
INFO: HHH000228: Running hbm2ddl schema update
Jul 21, 2018 3:37:24 PM org.hibernate.tool.schema.extract.internal.InformationExtractorJdbcDatabaseMetaDataImpl processGetTableResults
INFO: HHH000262: Table not found: Category
Jul 21, 2018 3:37:24 PM org.hibernate.tool.schema.extract.internal.InformationExtractorJdbcDatabaseMetaDataImpl processGetTableResults
INFO: HHH000262: Table not found: Category
Jul 21, 2018 3:37:24 PM org.hibernate.tool.schema.extract.internal.InformationExtractorJdbcDatabaseMetaDataImpl processGetTableResults
INFO: HHH000262: Table not found: Product
Jul 21, 2018 3:37:24 PM org.hibernate.tool.schema.extract.internal.InformationExtractorJdbcDatabaseMetaDataImpl processGetTableResults
INFO: HHH000262: Table not found: Product
Jul 21, 2018 3:37:24 PM org.springframework.orm.hibernate5.HibernateTransactionManager afterPropertiesSet
INFO: Using DataSource [org.springframework.jdbc.datasource.DriverManagerDataSource@5656be13] of Hibernate SessionFactory for HibernateTransactionManager
</system-err>
  </testcase>
  <testcase classname="com.niit.test.CategoryDAOTestCase" name="deleteCategoryTest" time="1.809">
    <skipped/>
  </testcase>
  <testcase classname="com.niit.test.CategoryDAOTestCase" name="updateCategoryTest" time="1.809">
    <skipped/>
  </testcase>
  <testcase classname="com.niit.test.CategoryDAOTestCase" name="listCategoriesTest" time="0.257">
    <failure message="Problem in Listing Categories" type="java.lang.AssertionError">java.lang.AssertionError: Problem in Listing Categories
	at org.junit.Assert.fail(Assert.java:88)
	at org.junit.Assert.assertTrue(Assert.java:41)
	at com.niit.test.CategoryDAOTestCase.listCategoriesTest(CategoryDAOTestCase.java:63)
	at sun.reflect.NativeMethodAccessorImpl.invoke0(Native Method)
	at sun.reflect.NativeMethodAccessorImpl.invoke(NativeMethodAccessorImpl.java:62)
	at sun.reflect.DelegatingMethodAccessorImpl.invoke(DelegatingMethodAccessorImpl.java:43)
	at java.lang.reflect.Method.invoke(Method.java:498)
	at org.junit.runners.model.FrameworkMethod$1.runReflectiveCall(FrameworkMethod.java:50)
	at org.junit.internal.runners.model.ReflectiveCallable.run(ReflectiveCallable.java:12)
	at org.junit.runners.model.FrameworkMethod.invokeExplosively(FrameworkMethod.java:47)
	at org.junit.internal.runners.statements.InvokeMethod.evaluate(InvokeMethod.java:17)
	at org.junit.runners.ParentRunner.runLeaf(ParentRunner.java:325)
	at org.junit.runners.BlockJUnit4ClassRunner.runChild(BlockJUnit4ClassRunner.java:78)
	at org.junit.runners.BlockJUnit4ClassRunner.runChild(BlockJUnit4ClassRunner.java:57)
	at org.junit.runners.ParentRunner$3.run(ParentRunner.java:290)
	at org.junit.runners.ParentRunner$1.schedule(ParentRunner.java:71)
	at org.junit.runners.ParentRunner.runChildren(ParentRunner.java:288)
	at org.junit.runners.ParentRunner.access$000(ParentRunner.java:58)
	at org.junit.runners.ParentRunner$2.evaluate(ParentRunner.java:268)
	at org.junit.internal.runners.statements.RunBefores.evaluate(RunBefores.java:26)
	at org.junit.runners.ParentRunner.run(ParentRunner.java:363)
	at org.apache.maven.surefire.junit4.JUnit4Provider.execute(JUnit4Provider.java:252)
	at org.apache.maven.surefire.junit4.JUnit4Provider.executeTestSet(JUnit4Provider.java:141)
	at org.apache.maven.surefire.junit4.JUnit4Provider.invoke(JUnit4Provider.java:112)
	at sun.reflect.NativeMethodAccessorImpl.invoke0(Native Method)
	at sun.reflect.NativeMethodAccessorImpl.invoke(NativeMethodAccessorImpl.java:62)
	at sun.reflect.DelegatingMethodAccessorImpl.invoke(DelegatingMethodAccessorImpl.java:43)
	at java.lang.reflect.Method.invoke(Method.java:498)
	at org.apache.maven.surefire.util.ReflectionUtils.invokeMethodWithArray(ReflectionUtils.java:189)
	at org.apache.maven.surefire.booter.ProviderFactory$ProviderProxy.invoke(ProviderFactory.java:165)
	at org.apache.maven.surefire.booter.ProviderFactory.invokeProvider(ProviderFactory.java:85)
	at org.apache.maven.surefire.booter.ForkedBooter.runSuitesInProcess(ForkedBooter.java:115)
	at org.apache.maven.surefire.booter.ForkedBooter.main(ForkedBooter.java:75)
</failure>
    <system-err>Jul 21, 2018 3:37:24 PM org.hibernate.hql.internal.QueryTranslatorFactoryInitiator initiateService
INFO: HHH000397: Using ASTQueryTranslatorFactory
</system-err>
  </testcase>
</testsuite>